Start Debug!
**>>Enter >main<
	seed: 1531574441
	Orangebot Forever!
	**>>Enter >execute_trial<
		Generate input and output vectors
		**>>Enter >fill_line< | xs: -1.000, xe: +1.000, g: +1.987, b: -4.377
			line: -6.363 | -6.323 | -6.283 | -6.243 | -6.203 | -6.163 | -6.123 | -6.082 | -6.042 | -6.002 | -5.962 | -5.922 | -5.882 | -5.842 | -5.801 | -5.761 | -5.721 | -5.681 | -5.641 | -5.601 | -5.561 | -5.520 | -5.480 | -5.440 | -5.400 | -5.360 | -5.320 | -5.280 | -5.239 | -5.199 | -5.159 | -5.119 | -5.079 | -5.039 | -4.999 | -4.959 | -4.918 | -4.878 | -4.838 | -4.798 | -4.758 | -4.718 | -4.678 | -4.637 | -4.597 | -4.557 | -4.517 | -4.477 | -4.437 | -4.397 | -4.356 | -4.316 | -4.276 | -4.236 | -4.196 | -4.156 | -4.116 | -4.075 | -4.035 | -3.995 | -3.955 | -3.915 | -3.875 | -3.835 | -3.795 | -3.754 | -3.714 | -3.674 | -3.634 | -3.594 | -3.554 | -3.514 | -3.473 | -3.433 | -3.393 | -3.353 | -3.313 | -3.273 | -3.233 | -3.192 | -3.152 | -3.112 | -3.072 | -3.032 | -2.992 | -2.952 | -2.911 | -2.871 | -2.831 | -2.791 | -2.751 | -2.711 | -2.671 | -2.630 | -2.590 | -2.550 | -2.510 | -2.470 | -2.430 | -2.390 | 
		**<<Return >fill_line<
		**>>Enter >add_noise< | noise: +0.000
			noise: -6.363 | -6.323 | -6.283 | -6.243 | -6.203 | -6.163 | -6.123 | -6.082 | -6.042 | -6.002 | -5.962 | -5.922 | -5.882 | -5.842 | -5.801 | -5.761 | -5.721 | -5.681 | -5.641 | -5.601 | -5.561 | -5.520 | -5.480 | -5.440 | -5.400 | -5.360 | -5.320 | -5.280 | -5.239 | -5.199 | -5.159 | -5.119 | -5.079 | -5.039 | -4.999 | -4.959 | -4.918 | -4.878 | -4.838 | -4.798 | -4.758 | -4.718 | -4.678 | -4.637 | -4.597 | -4.557 | -4.517 | -4.477 | -4.437 | -4.397 | -4.356 | -4.316 | -4.276 | -4.236 | -4.196 | -4.156 | -4.116 | -4.075 | -4.035 | -3.995 | -3.955 | -3.915 | -3.875 | -3.835 | -3.795 | -3.754 | -3.714 | -3.674 | -3.634 | -3.594 | -3.554 | -3.514 | -3.473 | -3.433 | -3.393 | -3.353 | -3.313 | -3.273 | -3.233 | -3.192 | -3.152 | -3.112 | -3.072 | -3.032 | -2.992 | -2.952 | -2.911 | -2.871 | -2.831 | -2.791 | -2.751 | -2.711 | -2.671 | -2.630 | -2.590 | -2.550 | -2.510 | -2.470 | -2.430 | -2.390 | 
		**<<Return >add_noise<
		**>>Enter >fill_line< | xs: -1.000, xe: +1.000, g: -1.439, b: -0.139
			line: +1.300 | +1.271 | +1.242 | +1.213 | +1.184 | +1.155 | +1.125 | +1.096 | +1.067 | +1.038 | +1.009 | +0.980 | +0.951 | +0.922 | +0.893 | +0.864 | +0.835 | +0.806 | +0.777 | +0.748 | +0.719 | +0.690 | +0.660 | +0.631 | +0.602 | +0.573 | +0.544 | +0.515 | +0.486 | +0.457 | +0.428 | +0.399 | +0.370 | +0.341 | +0.312 | +0.283 | +0.254 | +0.225 | +0.195 | +0.166 | +0.137 | +0.108 | +0.079 | +0.050 | +0.021 | -0.008 | -0.037 | -0.066 | -0.095 | -0.124 | -0.153 | -0.182 | -0.211 | -0.240 | -0.269 | -0.299 | -0.328 | -0.357 | -0.386 | -0.415 | -0.444 | -0.473 | -0.502 | -0.531 | -0.560 | -0.589 | -0.618 | -0.647 | -0.676 | -0.705 | -0.734 | -0.764 | -0.793 | -0.822 | -0.851 | -0.880 | -0.909 | -0.938 | -0.967 | -0.996 | -1.025 | -1.054 | -1.083 | -1.112 | -1.141 | -1.170 | -1.199 | -1.228 | -1.258 | -1.287 | -1.316 | -1.345 | -1.374 | -1.403 | -1.432 | -1.461 | -1.490 | -1.519 | -1.548 | -1.577 | 
		**<<Return >fill_line<
		**>>Enter >add_noise< | noise: +0.000
			noise: +1.300 | +1.271 | +1.242 | +1.213 | +1.184 | +1.155 | +1.125 | +1.096 | +1.067 | +1.038 | +1.009 | +0.980 | +0.951 | +0.922 | +0.893 | +0.864 | +0.835 | +0.806 | +0.777 | +0.748 | +0.719 | +0.690 | +0.660 | +0.631 | +0.602 | +0.573 | +0.544 | +0.515 | +0.486 | +0.457 | +0.428 | +0.399 | +0.370 | +0.341 | +0.312 | +0.283 | +0.254 | +0.225 | +0.195 | +0.166 | +0.137 | +0.108 | +0.079 | +0.050 | +0.021 | -0.008 | -0.037 | -0.066 | -0.095 | -0.124 | -0.153 | -0.182 | -0.211 | -0.240 | -0.269 | -0.299 | -0.328 | -0.357 | -0.386 | -0.415 | -0.444 | -0.473 | -0.502 | -0.531 | -0.560 | -0.589 | -0.618 | -0.647 | -0.676 | -0.705 | -0.734 | -0.764 | -0.793 | -0.822 | -0.851 | -0.880 | -0.909 | -0.938 | -0.967 | -0.996 | -1.025 | -1.054 | -1.083 | -1.112 | -1.141 | -1.170 | -1.199 | -1.228 | -1.258 | -1.287 | -1.316 | -1.345 | -1.374 | -1.403 | -1.432 | -1.461 | -1.490 | -1.519 | -1.548 | -1.577 | 
		**<<Return >add_noise<
		**>>Enter >fill_line< | xs: -1.000, xe: +1.000, g: -0.190, b: +2.078
			line: +2.267 | +2.264 | +2.260 | +2.256 | +2.252 | +2.248 | +2.245 | +2.241 | +2.237 | +2.233 | +2.229 | +2.225 | +2.222 | +2.218 | +2.214 | +2.210 | +2.206 | +2.202 | +2.199 | +2.195 | +2.191 | +2.187 | +2.183 | +2.179 | +2.176 | +2.172 | +2.168 | +2.164 | +2.160 | +2.156 | +2.153 | +2.149 | +2.145 | +2.141 | +2.137 | +2.133 | +2.130 | +2.126 | +2.122 | +2.118 | +2.114 | +2.110 | +2.107 | +2.103 | +2.099 | +2.095 | +2.091 | +2.087 | +2.084 | +2.080 | +2.076 | +2.072 | +2.068 | +2.064 | +2.061 | +2.057 | +2.053 | +2.049 | +2.045 | +2.041 | +2.038 | +2.034 | +2.030 | +2.026 | +2.022 | +2.018 | +2.015 | +2.011 | +2.007 | +2.003 | +1.999 | +1.995 | +1.992 | +1.988 | +1.984 | +1.980 | +1.976 | +1.972 | +1.969 | +1.965 | +1.961 | +1.957 | +1.953 | +1.950 | +1.946 | +1.942 | +1.938 | +1.934 | +1.930 | +1.927 | +1.923 | +1.919 | +1.915 | +1.911 | +1.907 | +1.904 | +1.900 | +1.896 | +1.892 | +1.888 | 
		**<<Return >fill_line<
		**>>Enter >add_noise< | noise: +0.000
			noise: +2.267 | +2.264 | +2.260 | +2.256 | +2.252 | +2.248 | +2.245 | +2.241 | +2.237 | +2.233 | +2.229 | +2.225 | +2.222 | +2.218 | +2.214 | +2.210 | +2.206 | +2.202 | +2.199 | +2.195 | +2.191 | +2.187 | +2.183 | +2.179 | +2.176 | +2.172 | +2.168 | +2.164 | +2.160 | +2.156 | +2.153 | +2.149 | +2.145 | +2.141 | +2.137 | +2.133 | +2.130 | +2.126 | +2.122 | +2.118 | +2.114 | +2.110 | +2.107 | +2.103 | +2.099 | +2.095 | +2.091 | +2.087 | +2.084 | +2.080 | +2.076 | +2.072 | +2.068 | +2.064 | +2.061 | +2.057 | +2.053 | +2.049 | +2.045 | +2.041 | +2.038 | +2.034 | +2.030 | +2.026 | +2.022 | +2.018 | +2.015 | +2.011 | +2.007 | +2.003 | +1.999 | +1.995 | +1.992 | +1.988 | +1.984 | +1.980 | +1.976 | +1.972 | +1.969 | +1.965 | +1.961 | +1.957 | +1.953 | +1.950 | +1.946 | +1.942 | +1.938 | +1.934 | +1.930 | +1.927 | +1.923 | +1.919 | +1.915 | +1.911 | +1.907 | +1.904 | +1.900 | +1.896 | +1.892 | +1.888 | 
		**<<Return >add_noise<
		**>>Enter >fill_line< | xs: +0.000, xe: +1.000, g: +3.178, b: +1.203
			line: +1.203 | +1.235 | +1.267 | +1.299 | +1.331 | +1.363 | +1.395 | +1.428 | +1.460 | +1.492 | +1.524 | +1.556 | +1.588 | +1.620 | +1.652 | +1.684 | +1.716 | +1.749 | +1.781 | +1.813 | +1.845 | +1.877 | +1.909 | +1.941 | +1.973 | +2.005 | +2.037 | +2.069 | +2.102 | +2.134 | +2.166 | +2.198 | +2.230 | +2.262 | +2.294 | +2.326 | +2.358 | +2.390 | +2.423 | +2.455 | +2.487 | +2.519 | +2.551 | +2.583 | +2.615 | +2.647 | +2.679 | +2.711 | +2.744 | +2.776 | +2.808 | +2.840 | +2.872 | +2.904 | +2.936 | +2.968 | +3.000 | +3.032 | +3.064 | +3.097 | +3.129 | +3.161 | +3.193 | +3.225 | +3.257 | +3.289 | +3.321 | +3.353 | +3.385 | +3.418 | +3.450 | +3.482 | +3.514 | +3.546 | +3.578 | +3.610 | +3.642 | +3.674 | +3.706 | +3.739 | +3.771 | +3.803 | +3.835 | +3.867 | +3.899 | +3.931 | +3.963 | +3.995 | +4.027 | +4.059 | +4.092 | +4.124 | +4.156 | +4.188 | +4.220 | +4.252 | +4.284 | +4.316 | +4.348 | +4.380 | 
		**<<Return >fill_line<
		**>>Enter >add_noise< | noise: +0.000
			noise: +1.203 | +1.235 | +1.267 | +1.299 | +1.331 | +1.363 | +1.395 | +1.428 | +1.460 | +1.492 | +1.524 | +1.556 | +1.588 | +1.620 | +1.652 | +1.684 | +1.716 | +1.749 | +1.781 | +1.813 | +1.845 | +1.877 | +1.909 | +1.941 | +1.973 | +2.005 | +2.037 | +2.069 | +2.102 | +2.134 | +2.166 | +2.198 | +2.230 | +2.262 | +2.294 | +2.326 | +2.358 | +2.390 | +2.423 | +2.455 | +2.487 | +2.519 | +2.551 | +2.583 | +2.615 | +2.647 | +2.679 | +2.711 | +2.744 | +2.776 | +2.808 | +2.840 | +2.872 | +2.904 | +2.936 | +2.968 | +3.000 | +3.032 | +3.064 | +3.097 | +3.129 | +3.161 | +3.193 | +3.225 | +3.257 | +3.289 | +3.321 | +3.353 | +3.385 | +3.418 | +3.450 | +3.482 | +3.514 | +3.546 | +3.578 | +3.610 | +3.642 | +3.674 | +3.706 | +3.739 | +3.771 | +3.803 | +3.835 | +3.867 | +3.899 | +3.931 | +3.963 | +3.995 | +4.027 | +4.059 | +4.092 | +4.124 | +4.156 | +4.188 | +4.220 | +4.252 | +4.284 | +4.316 | +4.348 | +4.380 | 
		**<<Return >add_noise<
		Compute optimal gains and biases via linear regression
		**>>Enter >linear_regression<
			**>>Enter >calc_line_stats<
				x_avg: -4.377 | x2_avg: +20.496
			**<<Return >calc_line_stats<
			**>>Enter >calc_line_stats<
				x_avg: +2.792 | x2_avg: +8.652
			**<<Return >calc_line_stats<
			**>>Enter >calc_cross_line_stats<
				xy_avg: -11.144
			**<<Return >calc_cross_line_stats<
			gain: +0.800 | bias: +6.291
		**<<Return >linear_regression<
		**>>Enter >linear_regression<
			**>>Enter >calc_line_stats<
				x_avg: -0.139 | x2_avg: +0.723
			**<<Return >calc_line_stats<
			**>>Enter >calc_line_stats<
				x_avg: +2.792 | x2_avg: +8.652
			**<<Return >calc_line_stats<
			**>>Enter >calc_cross_line_stats<
				xy_avg: -1.164
			**<<Return >calc_cross_line_stats<
			gain: -1.104 | bias: +2.638
		**<<Return >linear_regression<
		**>>Enter >linear_regression<
			**>>Enter >calc_line_stats<
				x_avg: +2.078 | x2_avg: +4.330
			**<<Return >calc_line_stats<
			**>>Enter >calc_line_stats<
				x_avg: +2.792 | x2_avg: +8.652
			**<<Return >calc_line_stats<
			**>>Enter >calc_cross_line_stats<
				xy_avg: +5.698
			**<<Return >calc_cross_line_stats<
			gain: -8.378 | bias: +20.199
		**<<Return >linear_regression<
		Compute correlation share
		**>>Enter >calc_correlation_share<
			Allocated vector: 00720DE8
			Allocated vector: 00720E08
			Allocated vector: 00720E28
			Allocated vector: 00720E48
			Allocated vector: 00720E68
			Allocated vector: 00720E88
			**>>Enter >calc_line_stats<
				x_avg: -4.377 | x2_avg: +20.496
			**<<Return >calc_line_stats<
			**>>Enter >calc_cross_line_stats<
				xy_avg: -11.144
			**<<Return >calc_cross_line_stats<
			**>>Enter >calc_line_stats<
				x_avg: -0.139 | x2_avg: +0.723
			**<<Return >calc_line_stats<
			**>>Enter >calc_cross_line_stats<
				xy_avg: -1.164
			**<<Return >calc_cross_line_stats<
			**>>Enter >calc_line_stats<
				x_avg: +2.078 | x2_avg: +4.330
			**<<Return >calc_line_stats<
			**>>Enter >calc_cross_line_stats<
				xy_avg: +5.698
			**<<Return >calc_cross_line_stats<
			**>>Enter >calc_line_stats<
				x_avg: +2.792 | x2_avg: +8.652
			**<<Return >calc_line_stats<
			partial correlation share 0: 9.675e-009
			partial correlation share 1: 9.675e-009
			partial correlation share 2: 9.675e-009
			correlation share 0: +0.333
			correlation share 1: +0.333
			correlation share 2: +0.333
			Freed vector: 00720DE8
			Freed vector: 00720E08
			Freed vector: 00720E28
			Freed vector: 00720E48
			Freed vector: 00720E68
			Freed vector: 00720E88
		**<<Return >calc_correlation_share<
		Compute naive linear regression neuron parameters and its error
		**>>Enter >execute_neuron<
			gain 0: +0.267
			gain 1: -0.368
			gain 2: -2.793
			bias: +9.710
			output: +1.203 | +1.235 | +1.267 | +1.299 | +1.331 | +1.363 | +1.395 | +1.428 | +1.460 | +1.492 | +1.524 | +1.556 | +1.588 | +1.620 | +1.652 | +1.684 | +1.716 | +1.749 | +1.781 | +1.813 | +1.845 | +1.877 | +1.909 | +1.941 | +1.973 | +2.005 | +2.037 | +2.069 | +2.102 | +2.134 | +2.166 | +2.198 | +2.230 | +2.262 | +2.294 | +2.326 | +2.358 | +2.390 | +2.423 | +2.455 | +2.487 | +2.519 | +2.551 | +2.583 | +2.615 | +2.647 | +2.679 | +2.711 | +2.744 | +2.776 | +2.808 | +2.840 | +2.872 | +2.904 | +2.936 | +2.968 | +3.000 | +3.032 | +3.064 | +3.097 | +3.129 | +3.161 | +3.193 | +3.225 | +3.257 | +3.289 | +3.321 | +3.353 | +3.385 | +3.418 | +3.450 | +3.482 | +3.514 | +3.546 | +3.578 | +3.610 | +3.642 | +3.674 | +3.706 | +3.739 | +3.771 | +3.803 | +3.835 | +3.867 | +3.899 | +3.931 | +3.963 | +3.995 | +4.027 | +4.059 | +4.092 | +4.124 | +4.156 | +4.188 | +4.220 | +4.252 | +4.284 | +4.316 | +4.348 | +4.380 | 			
		**<<Return >execute_neuron<
		**>>Enter >calc_error<
			err: | 0.000 | 0.000 | 0.000 | 0.000 | 0.000 | 0.000 | 0.000 | 0.000 | 0.000 | 0.000 | 0.000 | 0.000 | 0.000 | 0.000 | 0.000 | 0.000 | 0.000 | 0.000 | 0.000 | 0.000 | 0.000 | 0.000 | 0.000 | 0.000 | 0.000 | 0.000 | 0.000 | 0.000 | 0.000 | 0.000 | 0.000 | 0.000 | 0.000 | 0.000 | 0.000 | 0.000 | 0.000 | 0.000 | 0.000 | 0.000 | 0.000 | 0.000 | 0.000 | 0.000 | 0.000 | 0.000 | 0.000 | 0.000 | 0.000 | 0.000 | 0.000 | 0.000 | 0.000 | 0.000 | 0.000 | 0.000 | 0.000 | 0.000 | 0.000 | 0.000 | 0.000 | 0.000 | 0.000 | 0.000 | 0.000 | 0.000 | 0.000 | 0.000 | 0.000 | 0.000 | 0.000 | 0.000 | 0.000 | 0.000 | 0.000 | 0.000 | 0.000 | 0.000 | 0.000 | 0.000 | 0.000 | 0.000 | 0.000 | 0.000 | 0.000 | 0.000 | 0.000 | 0.000 | 0.000 | 0.000 | 0.000 | 0.000 | 0.000 | 0.000 | 0.000 | 0.000 | 0.000 | 0.000 | 0.000 | 0.000 | 
			err: 5.289 f
		**<<Return >calc_error<
		Compute correlation share powered linear regression neuron parameters and its error
		**>>Enter >execute_neuron<
			gain 0: +0.267
			gain 1: -0.368
			gain 2: -2.793
			bias: +9.710
			output: +1.203 | +1.235 | +1.267 | +1.299 | +1.331 | +1.363 | +1.395 | +1.428 | +1.460 | +1.492 | +1.524 | +1.556 | +1.588 | +1.620 | +1.652 | +1.684 | +1.716 | +1.749 | +1.781 | +1.813 | +1.845 | +1.877 | +1.909 | +1.941 | +1.973 | +2.005 | +2.037 | +2.069 | +2.102 | +2.134 | +2.166 | +2.198 | +2.230 | +2.262 | +2.294 | +2.326 | +2.358 | +2.390 | +2.423 | +2.455 | +2.487 | +2.519 | +2.551 | +2.583 | +2.615 | +2.647 | +2.679 | +2.711 | +2.744 | +2.776 | +2.808 | +2.840 | +2.872 | +2.904 | +2.936 | +2.968 | +3.000 | +3.032 | +3.064 | +3.097 | +3.129 | +3.161 | +3.193 | +3.225 | +3.257 | +3.289 | +3.321 | +3.353 | +3.385 | +3.418 | +3.450 | +3.482 | +3.514 | +3.546 | +3.578 | +3.610 | +3.642 | +3.674 | +3.706 | +3.739 | +3.771 | +3.803 | +3.835 | +3.867 | +3.899 | +3.931 | +3.963 | +3.995 | +4.027 | +4.059 | +4.092 | +4.124 | +4.156 | +4.188 | +4.220 | +4.252 | +4.284 | +4.316 | +4.348 | +4.380 | 			
		**<<Return >execute_neuron<
		**>>Enter >calc_error<
			err: | 0.000 | 0.000 | 0.000 | 0.000 | 0.000 | 0.000 | 0.000 | 0.000 | 0.000 | 0.000 | 0.000 | 0.000 | 0.000 | 0.000 | 0.000 | 0.000 | 0.000 | 0.000 | 0.000 | 0.000 | 0.000 | 0.000 | 0.000 | 0.000 | 0.000 | 0.000 | 0.000 | 0.000 | 0.000 | 0.000 | 0.000 | 0.000 | 0.000 | 0.000 | 0.000 | 0.000 | 0.000 | 0.000 | 0.000 | 0.000 | 0.000 | 0.000 | 0.000 | 0.000 | 0.000 | 0.000 | 0.000 | 0.000 | 0.000 | 0.000 | 0.000 | 0.000 | 0.000 | 0.000 | 0.000 | 0.000 | 0.000 | 0.000 | 0.000 | 0.000 | 0.000 | 0.000 | 0.000 | 0.000 | 0.000 | 0.000 | 0.000 | 0.000 | 0.000 | 0.000 | 0.000 | 0.000 | 0.000 | 0.000 | 0.000 | 0.000 | 0.000 | 0.000 | 0.000 | 0.000 | 0.000 | 0.000 | 0.000 | 0.000 | 0.000 | 0.000 | 0.000 | 0.000 | 0.000 | 0.000 | 0.000 | 0.000 | 0.000 | 0.000 | 0.000 | 0.000 | 0.000 | 0.000 | 0.000 | 0.000 | 
			err: 5.384 f
		**<<Return >calc_error<
	**<<Return >execute_trial<
	**>>Enter >execute_trial<
		Generate input and output vectors
		**>>Enter >fill_line< | xs: -1.000, xe: +1.000, g: +1.176, b: -3.866
			line: -5.042 | -5.018 | -4.994 | -4.971 | -4.947 | -4.923 | -4.899 | -4.876 | -4.852 | -4.828 | -4.804 | -4.781 | -4.757 | -4.733 | -4.709 | -4.686 | -4.662 | -4.638 | -4.614 | -4.591 | -4.567 | -4.543 | -4.519 | -4.496 | -4.472 | -4.448 | -4.424 | -4.401 | -4.377 | -4.353 | -4.329 | -4.305 | -4.282 | -4.258 | -4.234 | -4.210 | -4.187 | -4.163 | -4.139 | -4.115 | -4.092 | -4.068 | -4.044 | -4.020 | -3.997 | -3.973 | -3.949 | -3.925 | -3.902 | -3.878 | -3.854 | -3.830 | -3.807 | -3.783 | -3.759 | -3.735 | -3.711 | -3.688 | -3.664 | -3.640 | -3.616 | -3.593 | -3.569 | -3.545 | -3.521 | -3.498 | -3.474 | -3.450 | -3.426 | -3.403 | -3.379 | -3.355 | -3.331 | -3.308 | -3.284 | -3.260 | -3.236 | -3.213 | -3.189 | -3.165 | -3.141 | -3.118 | -3.094 | -3.070 | -3.046 | -3.022 | -2.999 | -2.975 | -2.951 | -2.927 | -2.904 | -2.880 | -2.856 | -2.832 | -2.809 | -2.785 | -2.761 | -2.737 | -2.714 | -2.690 | 
		**<<Return >fill_line<
		**>>Enter >add_noise< | noise: +10.000
			noise: -5.969 | -5.419 | -6.312 | -9.260 | -6.958 | -7.471 | -8.870 | -8.043 | -7.344 | -1.672 | -7.396 | -1.363 | -7.745 | -2.142 | -6.618 | -8.776 | -3.259 | -7.289 | -5.194 | -7.665 | -6.670 | -8.955 | -2.024 | -3.043 | -2.797 | -8.105 | -2.940 | -6.237 | -6.193 | -0.492 | -7.454 | -3.396 | +0.639 | -0.746 | -0.247 | +0.238 | -3.698 | -8.311 | -7.102 | -0.645 | -0.324 | -3.683 | +0.054 | -5.022 | -3.018 | -8.373 | -0.707 | -2.729 | -0.423 | -7.036 | -8.669 | -1.142 | +0.290 | -5.219 | -1.006 | -2.331 | +1.088 | -1.129 | -1.188 | -6.581 | -0.076 | -4.905 | -4.950 | -3.247 | -0.461 | -3.793 | +1.500 | -4.873 | -3.937 | -6.680 | +1.336 | -5.502 | +0.202 | -6.425 | +0.341 | +0.873 | -1.156 | -3.413 | -6.157 | +0.783 | -0.115 | +1.214 | -7.368 | -5.257 | -1.913 | -0.773 | -1.784 | -7.228 | -5.212 | -2.564 | -7.312 | -3.984 | -0.729 | -5.164 | -6.454 | -6.449 | -5.397 | -3.671 | -1.242 | -1.573 | 
		**<<Return >add_noise<
		**>>Enter >fill_line< | xs: -1.000, xe: +1.000, g: -1.903, b: +0.463
			line: +2.366 | +2.327 | +2.289 | +2.250 | +2.212 | +2.173 | +2.135 | +2.096 | +2.058 | +2.020 | +1.981 | +1.943 | +1.904 | +1.866 | +1.827 | +1.789 | +1.750 | +1.712 | +1.674 | +1.635 | +1.597 | +1.558 | +1.520 | +1.481 | +1.443 | +1.404 | +1.366 | +1.328 | +1.289 | +1.251 | +1.212 | +1.174 | +1.135 | +1.097 | +1.058 | +1.020 | +0.982 | +0.943 | +0.905 | +0.866 | +0.828 | +0.789 | +0.751 | +0.712 | +0.674 | +0.636 | +0.597 | +0.559 | +0.520 | +0.482 | +0.443 | +0.405 | +0.366 | +0.328 | +0.290 | +0.251 | +0.213 | +0.174 | +0.136 | +0.097 | +0.059 | +0.020 | -0.018 | -0.056 | -0.095 | -0.133 | -0.172 | -0.210 | -0.249 | -0.287 | -0.326 | -0.364 | -0.402 | -0.441 | -0.479 | -0.518 | -0.556 | -0.595 | -0.633 | -0.672 | -0.710 | -0.748 | -0.787 | -0.825 | -0.864 | -0.902 | -0.941 | -0.979 | -1.018 | -1.056 | -1.095 | -1.133 | -1.171 | -1.210 | -1.248 | -1.287 | -1.325 | -1.364 | -1.402 | -1.441 | 
		**<<Return >fill_line<
		**>>Enter >add_noise< | noise: +0.000
			noise: +2.366 | +2.327 | +2.289 | +2.250 | +2.212 | +2.173 | +2.135 | +2.096 | +2.058 | +2.020 | +1.981 | +1.943 | +1.904 | +1.866 | +1.827 | +1.789 | +1.750 | +1.712 | +1.674 | +1.635 | +1.597 | +1.558 | +1.520 | +1.481 | +1.443 | +1.404 | +1.366 | +1.328 | +1.289 | +1.251 | +1.212 | +1.174 | +1.135 | +1.097 | +1.058 | +1.020 | +0.982 | +0.943 | +0.905 | +0.866 | +0.828 | +0.789 | +0.751 | +0.712 | +0.674 | +0.636 | +0.597 | +0.559 | +0.520 | +0.482 | +0.443 | +0.405 | +0.366 | +0.328 | +0.290 | +0.251 | +0.213 | +0.174 | +0.136 | +0.097 | +0.059 | +0.020 | -0.018 | -0.056 | -0.095 | -0.133 | -0.172 | -0.210 | -0.249 | -0.287 | -0.326 | -0.364 | -0.402 | -0.441 | -0.479 | -0.518 | -0.556 | -0.595 | -0.633 | -0.672 | -0.710 | -0.748 | -0.787 | -0.825 | -0.864 | -0.902 | -0.941 | -0.979 | -1.018 | -1.056 | -1.095 | -1.133 | -1.171 | -1.210 | -1.248 | -1.287 | -1.325 | -1.364 | -1.402 | -1.441 | 
		**<<Return >add_noise<
		**>>Enter >fill_line< | xs: -1.000, xe: +1.000, g: +1.273, b: -3.193
			line: -4.466 | -4.440 | -4.414 | -4.389 | -4.363 | -4.337 | -4.312 | -4.286 | -4.260 | -4.234 | -4.209 | -4.183 | -4.157 | -4.132 | -4.106 | -4.080 | -4.054 | -4.029 | -4.003 | -3.977 | -3.952 | -3.926 | -3.900 | -3.874 | -3.849 | -3.823 | -3.797 | -3.772 | -3.746 | -3.720 | -3.694 | -3.669 | -3.643 | -3.617 | -3.592 | -3.566 | -3.540 | -3.514 | -3.489 | -3.463 | -3.437 | -3.412 | -3.386 | -3.360 | -3.334 | -3.309 | -3.283 | -3.257 | -3.232 | -3.206 | -3.180 | -3.154 | -3.129 | -3.103 | -3.077 | -3.052 | -3.026 | -3.000 | -2.974 | -2.949 | -2.923 | -2.897 | -2.872 | -2.846 | -2.820 | -2.794 | -2.769 | -2.743 | -2.717 | -2.692 | -2.666 | -2.640 | -2.614 | -2.589 | -2.563 | -2.537 | -2.512 | -2.486 | -2.460 | -2.434 | -2.409 | -2.383 | -2.357 | -2.332 | -2.306 | -2.280 | -2.254 | -2.229 | -2.203 | -2.177 | -2.152 | -2.126 | -2.100 | -2.074 | -2.049 | -2.023 | -1.997 | -1.972 | -1.946 | -1.920 | 
		**<<Return >fill_line<
		**>>Enter >add_noise< | noise: +0.000
			noise: -4.466 | -4.440 | -4.414 | -4.389 | -4.363 | -4.337 | -4.312 | -4.286 | -4.260 | -4.234 | -4.209 | -4.183 | -4.157 | -4.132 | -4.106 | -4.080 | -4.054 | -4.029 | -4.003 | -3.977 | -3.952 | -3.926 | -3.900 | -3.874 | -3.849 | -3.823 | -3.797 | -3.772 | -3.746 | -3.720 | -3.694 | -3.669 | -3.643 | -3.617 | -3.592 | -3.566 | -3.540 | -3.514 | -3.489 | -3.463 | -3.437 | -3.412 | -3.386 | -3.360 | -3.334 | -3.309 | -3.283 | -3.257 | -3.232 | -3.206 | -3.180 | -3.154 | -3.129 | -3.103 | -3.077 | -3.052 | -3.026 | -3.000 | -2.974 | -2.949 | -2.923 | -2.897 | -2.872 | -2.846 | -2.820 | -2.794 | -2.769 | -2.743 | -2.717 | -2.692 | -2.666 | -2.640 | -2.614 | -2.589 | -2.563 | -2.537 | -2.512 | -2.486 | -2.460 | -2.434 | -2.409 | -2.383 | -2.357 | -2.332 | -2.306 | -2.280 | -2.254 | -2.229 | -2.203 | -2.177 | -2.152 | -2.126 | -2.100 | -2.074 | -2.049 | -2.023 | -1.997 | -1.972 | -1.946 | -1.920 | 
		**<<Return >add_noise<
		**>>Enter >fill_line< | xs: +0.000, xe: +1.000, g: +3.714, b: -1.372
			line: -1.372 | -1.335 | -1.297 | -1.260 | -1.222 | -1.185 | -1.147 | -1.110 | -1.072 | -1.035 | -0.997 | -0.960 | -0.922 | -0.885 | -0.847 | -0.810 | -0.772 | -0.735 | -0.697 | -0.660 | -0.622 | -0.585 | -0.547 | -0.509 | -0.472 | -0.434 | -0.397 | -0.359 | -0.322 | -0.284 | -0.247 | -0.209 | -0.172 | -0.134 | -0.097 | -0.059 | -0.022 | +0.016 | +0.053 | +0.091 | +0.128 | +0.166 | +0.203 | +0.241 | +0.278 | +0.316 | +0.353 | +0.391 | +0.428 | +0.466 | +0.503 | +0.541 | +0.578 | +0.616 | +0.653 | +0.691 | +0.728 | +0.766 | +0.803 | +0.841 | +0.878 | +0.916 | +0.953 | +0.991 | +1.029 | +1.066 | +1.104 | +1.141 | +1.179 | +1.216 | +1.254 | +1.291 | +1.329 | +1.366 | +1.404 | +1.441 | +1.479 | +1.516 | +1.554 | +1.591 | +1.629 | +1.666 | +1.704 | +1.741 | +1.779 | +1.816 | +1.854 | +1.891 | +1.929 | +1.966 | +2.004 | +2.041 | +2.079 | +2.116 | +2.154 | +2.191 | +2.229 | +2.266 | +2.304 | +2.341 | 
		**<<Return >fill_line<
		**>>Enter >add_noise< | noise: +0.000
			noise: -1.372 | -1.335 | -1.297 | -1.260 | -1.222 | -1.185 | -1.147 | -1.110 | -1.072 | -1.035 | -0.997 | -0.960 | -0.922 | -0.885 | -0.847 | -0.810 | -0.772 | -0.735 | -0.697 | -0.660 | -0.622 | -0.585 | -0.547 | -0.509 | -0.472 | -0.434 | -0.397 | -0.359 | -0.322 | -0.284 | -0.247 | -0.209 | -0.172 | -0.134 | -0.097 | -0.059 | -0.022 | +0.016 | +0.053 | +0.091 | +0.128 | +0.166 | +0.203 | +0.241 | +0.278 | +0.316 | +0.353 | +0.391 | +0.428 | +0.466 | +0.503 | +0.541 | +0.578 | +0.616 | +0.653 | +0.691 | +0.728 | +0.766 | +0.803 | +0.841 | +0.878 | +0.916 | +0.953 | +0.991 | +1.029 | +1.066 | +1.104 | +1.141 | +1.179 | +1.216 | +1.254 | +1.291 | +1.329 | +1.366 | +1.404 | +1.441 | +1.479 | +1.516 | +1.554 | +1.591 | +1.629 | +1.666 | +1.704 | +1.741 | +1.779 | +1.816 | +1.854 | +1.891 | +1.929 | +1.966 | +2.004 | +2.041 | +2.079 | +2.116 | +2.154 | +2.191 | +2.229 | +2.266 | +2.304 | +2.341 | 
		**<<Return >add_noise<
		Compute optimal gains and biases via linear regression
		**>>Enter >linear_regression<
			**>>Enter >calc_line_stats<
				x_avg: -3.836 | x2_avg: +24.078
			**<<Return >calc_line_stats<
			**>>Enter >calc_line_stats<
				x_avg: +0.485 | x2_avg: +1.407
			**<<Return >calc_line_stats<
			**>>Enter >calc_cross_line_stats<
				xy_avg: -0.822
			**<<Return >calc_cross_line_stats<
			gain: +0.111 | bias: +0.910
		**<<Return >linear_regression<
		**>>Enter >linear_regression<
			**>>Enter >calc_line_stats<
				x_avg: +0.463 | x2_avg: +1.445
			**<<Return >calc_line_stats<
			**>>Enter >calc_line_stats<
				x_avg: +0.485 | x2_avg: +1.407
			**<<Return >calc_line_stats<
			**>>Enter >calc_cross_line_stats<
				xy_avg: -0.978
			**<<Return >calc_cross_line_stats<
			gain: -0.976 | bias: +0.936
		**<<Return >linear_regression<
		**>>Enter >linear_regression<
			**>>Enter >calc_line_stats<
				x_avg: -3.193 | x2_avg: +10.746
			**<<Return >calc_line_stats<
			**>>Enter >calc_line_stats<
				x_avg: +0.485 | x2_avg: +1.407
			**<<Return >calc_line_stats<
			**>>Enter >calc_cross_line_stats<
				xy_avg: -0.743
			**<<Return >calc_cross_line_stats<
			gain: +1.459 | bias: +5.142
		**<<Return >linear_regression<
		Compute correlation share
		**>>Enter >calc_correlation_share<
			Allocated vector: 00720DE8
			Allocated vector: 00720E08
			Allocated vector: 00720E28
			Allocated vector: 00720E48
			Allocated vector: 00720E68
			Allocated vector: 00720E88
			**>>Enter >calc_line_stats<
				x_avg: -3.836 | x2_avg: +24.078
			**<<Return >calc_line_stats<
			**>>Enter >calc_cross_line_stats<
				xy_avg: -0.822
			**<<Return >calc_cross_line_stats<
			**>>Enter >calc_line_stats<
				x_avg: +0.463 | x2_avg: +1.445
			**<<Return >calc_line_stats<
			**>>Enter >calc_cross_line_stats<
				xy_avg: -0.978
			**<<Return >calc_cross_line_stats<
			**>>Enter >calc_line_stats<
				x_avg: -3.193 | x2_avg: +10.746
			**<<Return >calc_line_stats<
			**>>Enter >calc_cross_line_stats<
				xy_avg: -0.743
			**<<Return >calc_cross_line_stats<
			**>>Enter >calc_line_stats<
				x_avg: +0.485 | x2_avg: +1.407
			**<<Return >calc_line_stats<
			partial correlation share 0: 2.844e-001
			partial correlation share 1: 3.080e+003
			partial correlation share 2: 3.080e+003
			correlation share 0: +0.000
			correlation share 1: +0.500
			correlation share 2: +0.500
			Freed vector: 00720DE8
			Freed vector: 00720E08
			Freed vector: 00720E28
			Freed vector: 00720E48
			Freed vector: 00720E68
			Freed vector: 00720E88
		**<<Return >calc_correlation_share<
		Compute naive linear regression neuron parameters and its error
		**>>Enter >execute_neuron<
			gain 0: +0.037
			gain 1: -0.325
			gain 2: +0.486
			bias: +2.329
			output: -0.832 | -0.787 | -0.795 | -0.879 | -0.769 | -0.763 | -0.789 | -0.734 | -0.683 | -0.448 | -0.635 | -0.387 | -0.598 | -0.366 | -0.506 | -0.561 | -0.332 | -0.456 | -0.353 | -0.420 | -0.358 | -0.417 | -0.136 | -0.149 | -0.115 | -0.286 | -0.070 | -0.167 | -0.140 | +0.095 | -0.137 | +0.038 | +0.212 | +0.186 | +0.230 | +0.272 | +0.152 | +0.007 | +0.076 | +0.340 | +0.377 | +0.278 | +0.441 | +0.278 | +0.377 | +0.204 | +0.513 | +0.463 | +0.573 | +0.354 | +0.319 | +0.622 | +0.699 | +0.521 | +0.702 | +0.678 | +0.829 | +0.772 | +0.795 | +0.621 | +0.886 | +0.733 | +0.756 | +0.844 | +0.972 | +0.874 | +1.094 | +0.884 | +0.944 | +0.867 | +1.188 | +0.961 | +1.196 | +0.977 | +1.252 | +1.296 | +1.246 | +1.188 | +1.112 | +1.393 | +1.385 | +1.459 | +1.167 | +1.270 | +1.418 | +1.486 | +1.473 | +1.297 | +1.397 | +1.519 | +1.369 | +1.517 | +1.662 | +1.523 | +1.501 | +1.526 | +1.590 | +1.679 | +1.793 | +1.806 | 			
		**<<Return >execute_neuron<
		**>>Enter >calc_error<
			err: | 0.292 | 0.300 | 0.253 | 0.145 | 0.206 | 0.178 | 0.128 | 0.141 | 0.152 | 0.344 | 0.131 | 0.328 | 0.105 | 0.269 | 0.116 | 0.062 | 0.194 | 0.078 | 0.118 | 0.058 | 0.070 | 0.028 | 0.169 | 0.130 | 0.128 | 0.022 | 0.107 | 0.037 | 0.033 | 0.144 | 0.012 | 0.061 | 0.148 | 0.103 | 0.107 | 0.110 | 0.030 | 0.000 | 0.001 | 0.062 | 0.062 | 0.013 | 0.056 | 0.001 | 0.010 | 0.012 | 0.025 | 0.005 | 0.021 | 0.013 | 0.034 | 0.007 | 0.015 | 0.009 | 0.002 | 0.000 | 0.010 | 0.000 | 0.000 | 0.048 | 0.000 | 0.034 | 0.039 | 0.022 | 0.003 | 0.037 | 0.000 | 0.066 | 0.055 | 0.122 | 0.004 | 0.109 | 0.017 | 0.152 | 0.023 | 0.021 | 0.054 | 0.108 | 0.195 | 0.039 | 0.060 | 0.043 | 0.288 | 0.222 | 0.130 | 0.109 | 0.145 | 0.353 | 0.283 | 0.200 | 0.403 | 0.275 | 0.174 | 0.352 | 0.427 | 0.443 | 0.408 | 0.346 | 0.261 | 0.287 | 
			err: 342.8 m
		**<<Return >calc_error<
		Compute correlation share powered linear regression neuron parameters and its error
		**>>Enter >execute_neuron<
			gain 0: +0.000
			gain 1: -0.488
			gain 2: +0.729
			bias: +3.039
			output: -1.372 | -1.335 | -1.297 | -1.260 | -1.222 | -1.185 | -1.147 | -1.110 | -1.072 | -1.035 | -0.997 | -0.960 | -0.922 | -0.885 | -0.847 | -0.810 | -0.772 | -0.735 | -0.697 | -0.660 | -0.622 | -0.584 | -0.547 | -0.509 | -0.472 | -0.434 | -0.397 | -0.359 | -0.322 | -0.284 | -0.247 | -0.209 | -0.172 | -0.134 | -0.097 | -0.059 | -0.022 | +0.016 | +0.053 | +0.091 | +0.128 | +0.166 | +0.203 | +0.241 | +0.278 | +0.316 | +0.353 | +0.391 | +0.428 | +0.466 | +0.503 | +0.541 | +0.578 | +0.616 | +0.653 | +0.691 | +0.728 | +0.766 | +0.803 | +0.841 | +0.878 | +0.916 | +0.953 | +0.991 | +1.029 | +1.066 | +1.104 | +1.141 | +1.179 | +1.216 | +1.254 | +1.291 | +1.329 | +1.366 | +1.404 | +1.441 | +1.479 | +1.516 | +1.554 | +1.591 | +1.629 | +1.666 | +1.704 | +1.741 | +1.779 | +1.816 | +1.854 | +1.891 | +1.929 | +1.966 | +2.004 | +2.041 | +2.079 | +2.116 | +2.154 | +2.191 | +2.229 | +2.266 | +2.304 | +2.341 | 			
		**<<Return >execute_neuron<
		**>>Enter >calc_error<
			err: | 0.000 | 0.000 | 0.000 | 0.000 | 0.000 | 0.000 | 0.000 | 0.000 | 0.000 | 0.000 | 0.000 | 0.000 | 0.000 | 0.000 | 0.000 | 0.000 | 0.000 | 0.000 | 0.000 | 0.000 | 0.000 | 0.000 | 0.000 | 0.000 | 0.000 | 0.000 | 0.000 | 0.000 | 0.000 | 0.000 | 0.000 | 0.000 | 0.000 | 0.000 | 0.000 | 0.000 | 0.000 | 0.000 | 0.000 | 0.000 | 0.000 | 0.000 | 0.000 | 0.000 | 0.000 | 0.000 | 0.000 | 0.000 | 0.000 | 0.000 | 0.000 | 0.000 | 0.000 | 0.000 | 0.000 | 0.000 | 0.000 | 0.000 | 0.000 | 0.000 | 0.000 | 0.000 | 0.000 | 0.000 | 0.000 | 0.000 | 0.000 | 0.000 | 0.000 | 0.000 | 0.000 | 0.000 | 0.000 | 0.000 | 0.000 | 0.000 | 0.000 | 0.000 | 0.000 | 0.000 | 0.000 | 0.000 | 0.000 | 0.000 | 0.000 | 0.000 | 0.000 | 0.000 | 0.000 | 0.000 | 0.000 | 0.000 | 0.000 | 0.000 | 0.000 | 0.000 | 0.000 | 0.000 | 0.000 | 0.000 | 
			err: 47.49 u
		**<<Return >calc_error<
	**<<Return >execute_trial<
	**>>Enter >execute_trial<
		Generate input and output vectors
		**>>Enter >fill_line< | xs: -1.000, xe: +1.000, g: +1.352, b: -2.818
			line: -4.170 | -4.143 | -4.115 | -4.088 | -4.061 | -4.033 | -4.006 | -3.979 | -3.951 | -3.924 | -3.897 | -3.869 | -3.842 | -3.815 | -3.787 | -3.760 | -3.733 | -3.706 | -3.678 | -3.651 | -3.624 | -3.596 | -3.569 | -3.542 | -3.514 | -3.487 | -3.460 | -3.432 | -3.405 | -3.378 | -3.350 | -3.323 | -3.296 | -3.268 | -3.241 | -3.214 | -3.186 | -3.159 | -3.132 | -3.104 | -3.077 | -3.050 | -3.023 | -2.995 | -2.968 | -2.941 | -2.913 | -2.886 | -2.859 | -2.831 | -2.804 | -2.777 | -2.749 | -2.722 | -2.695 | -2.667 | -2.640 | -2.613 | -2.585 | -2.558 | -2.531 | -2.503 | -2.476 | -2.449 | -2.421 | -2.394 | -2.367 | -2.340 | -2.312 | -2.285 | -2.258 | -2.230 | -2.203 | -2.176 | -2.148 | -2.121 | -2.094 | -2.066 | -2.039 | -2.012 | -1.984 | -1.957 | -1.930 | -1.902 | -1.875 | -1.848 | -1.820 | -1.793 | -1.766 | -1.738 | -1.711 | -1.684 | -1.657 | -1.629 | -1.602 | -1.575 | -1.547 | -1.520 | -1.493 | -1.465 | 
		**<<Return >fill_line<
		**>>Enter >add_noise< | noise: +0.100
			noise: -4.125 | -4.111 | -4.098 | -4.042 | -4.073 | -4.065 | -3.999 | -3.974 | -3.997 | -3.934 | -3.861 | -3.899 | -3.832 | -3.776 | -3.778 | -3.786 | -3.766 | -3.685 | -3.728 | -3.668 | -3.632 | -3.621 | -3.522 | -3.498 | -3.480 | -3.461 | -3.480 | -3.393 | -3.372 | -3.415 | -3.342 | -3.291 | -3.264 | -3.266 | -3.262 | -3.166 | -3.189 | -3.200 | -3.169 | -3.116 | -3.029 | -3.086 | -3.062 | -2.987 | -2.985 | -2.953 | -2.909 | -2.840 | -2.819 | -2.847 | -2.830 | -2.811 | -2.796 | -2.694 | -2.727 | -2.691 | -2.592 | -2.567 | -2.634 | -2.572 | -2.491 | -2.478 | -2.472 | -2.476 | -2.444 | -2.389 | -2.354 | -2.313 | -2.313 | -2.273 | -2.242 | -2.202 | -2.167 | -2.205 | -2.109 | -2.085 | -2.058 | -2.027 | -2.080 | -1.972 | -1.946 | -1.964 | -1.931 | -1.949 | -1.891 | -1.824 | -1.813 | -1.779 | -1.794 | -1.775 | -1.668 | -1.652 | -1.696 | -1.623 | -1.625 | -1.577 | -1.520 | -1.487 | -1.526 | -1.502 | 
		**<<Return >add_noise<
		**>>Enter >fill_line< | xs: -1.000, xe: +1.000, g: -1.672, b: -0.690
			line: +0.982 | +0.948 | +0.914 | +0.880 | +0.847 | +0.813 | +0.779 | +0.745 | +0.712 | +0.678 | +0.644 | +0.610 | +0.576 | +0.543 | +0.509 | +0.475 | +0.441 | +0.408 | +0.374 | +0.340 | +0.306 | +0.273 | +0.239 | +0.205 | +0.171 | +0.137 | +0.104 | +0.070 | +0.036 | +0.002 | -0.031 | -0.065 | -0.099 | -0.133 | -0.166 | -0.200 | -0.234 | -0.268 | -0.302 | -0.335 | -0.369 | -0.403 | -0.437 | -0.470 | -0.504 | -0.538 | -0.572 | -0.605 | -0.639 | -0.673 | -0.707 | -0.741 | -0.774 | -0.808 | -0.842 | -0.876 | -0.909 | -0.943 | -0.977 | -1.011 | -1.044 | -1.078 | -1.112 | -1.146 | -1.180 | -1.213 | -1.247 | -1.281 | -1.315 | -1.348 | -1.382 | -1.416 | -1.450 | -1.483 | -1.517 | -1.551 | -1.585 | -1.618 | -1.652 | -1.686 | -1.720 | -1.754 | -1.787 | -1.821 | -1.855 | -1.889 | -1.922 | -1.956 | -1.990 | -2.024 | -2.057 | -2.091 | -2.125 | -2.159 | -2.193 | -2.226 | -2.260 | -2.294 | -2.328 | -2.361 | 
		**<<Return >fill_line<
		**>>Enter >add_noise< | noise: +0.100
			noise: +0.953 | +0.968 | +0.925 | +0.890 | +0.833 | +0.847 | +0.801 | +0.770 | +0.693 | +0.658 | +0.680 | +0.602 | +0.554 | +0.569 | +0.512 | +0.505 | +0.398 | +0.377 | +0.343 | +0.308 | +0.300 | +0.315 | +0.229 | +0.206 | +0.124 | +0.092 | +0.101 | +0.089 | +0.001 | -0.042 | -0.078 | -0.020 | -0.119 | -0.127 | -0.154 | -0.228 | -0.229 | -0.310 | -0.275 | -0.287 | -0.344 | -0.377 | -0.422 | -0.477 | -0.490 | -0.493 | -0.537 | -0.623 | -0.604 | -0.674 | -0.734 | -0.736 | -0.734 | -0.784 | -0.851 | -0.857 | -0.946 | -0.992 | -1.026 | -1.006 | -1.028 | -1.055 | -1.160 | -1.186 | -1.195 | -1.197 | -1.251 | -1.274 | -1.273 | -1.327 | -1.347 | -1.431 | -1.491 | -1.464 | -1.529 | -1.564 | -1.543 | -1.632 | -1.648 | -1.685 | -1.748 | -1.776 | -1.833 | -1.778 | -1.873 | -1.861 | -1.910 | -1.944 | -1.956 | -2.019 | -2.017 | -2.117 | -2.077 | -2.198 | -2.187 | -2.227 | -2.226 | -2.265 | -2.372 | -2.401 | 
		**<<Return >add_noise<
		**>>Enter >fill_line< | xs: -1.000, xe: +1.000, g: -1.597, b: +3.468
			line: +5.065 | +5.033 | +5.000 | +4.968 | +4.936 | +4.904 | +4.871 | +4.839 | +4.807 | +4.775 | +4.742 | +4.710 | +4.678 | +4.646 | +4.613 | +4.581 | +4.549 | +4.517 | +4.484 | +4.452 | +4.420 | +4.388 | +4.355 | +4.323 | +4.291 | +4.259 | +4.226 | +4.194 | +4.162 | +4.130 | +4.097 | +4.065 | +4.033 | +4.000 | +3.968 | +3.936 | +3.904 | +3.871 | +3.839 | +3.807 | +3.775 | +3.742 | +3.710 | +3.678 | +3.646 | +3.613 | +3.581 | +3.549 | +3.517 | +3.484 | +3.452 | +3.420 | +3.388 | +3.355 | +3.323 | +3.291 | +3.259 | +3.226 | +3.194 | +3.162 | +3.130 | +3.097 | +3.065 | +3.033 | +3.001 | +2.968 | +2.936 | +2.904 | +2.872 | +2.839 | +2.807 | +2.775 | +2.743 | +2.710 | +2.678 | +2.646 | +2.613 | +2.581 | +2.549 | +2.517 | +2.484 | +2.452 | +2.420 | +2.388 | +2.355 | +2.323 | +2.291 | +2.259 | +2.226 | +2.194 | +2.162 | +2.130 | +2.097 | +2.065 | +2.033 | +2.001 | +1.968 | +1.936 | +1.904 | +1.872 | 
		**<<Return >fill_line<
		**>>Enter >add_noise< | noise: +0.100
			noise: +5.048 | +5.016 | +4.996 | +4.982 | +4.902 | +4.937 | +4.838 | +4.807 | +4.804 | +4.741 | +4.732 | +4.690 | +4.691 | +4.642 | +4.577 | +4.536 | +4.574 | +4.469 | +4.469 | +4.467 | +4.413 | +4.437 | +4.339 | +4.322 | +4.256 | +4.233 | +4.252 | +4.153 | +4.131 | +4.080 | +4.098 | +4.096 | +3.993 | +3.983 | +3.991 | +3.954 | +3.928 | +3.840 | +3.815 | +3.794 | +3.732 | +3.721 | +3.743 | +3.692 | +3.639 | +3.587 | +3.549 | +3.515 | +3.539 | +3.458 | +3.457 | +3.381 | +3.348 | +3.405 | +3.335 | +3.297 | +3.275 | +3.274 | +3.182 | +3.199 | +3.149 | +3.112 | +3.020 | +3.003 | +3.043 | +3.001 | +2.932 | +2.888 | +2.870 | +2.791 | +2.762 | +2.820 | +2.783 | +2.707 | +2.720 | +2.651 | +2.652 | +2.538 | +2.599 | +2.470 | +2.446 | +2.497 | +2.456 | +2.376 | +2.403 | +2.321 | +2.266 | +2.233 | +2.216 | +2.236 | +2.195 | +2.165 | +2.104 | +2.046 | +1.990 | +1.984 | +2.008 | +1.965 | +1.863 | +1.873 | 
		**<<Return >add_noise<
		**>>Enter >fill_line< | xs: +0.000, xe: +1.000, g: +3.227, b: +1.495
			line: +1.495 | +1.527 | +1.560 | +1.592 | +1.625 | +1.658 | +1.690 | +1.723 | +1.755 | +1.788 | +1.821 | +1.853 | +1.886 | +1.918 | +1.951 | +1.984 | +2.016 | +2.049 | +2.081 | +2.114 | +2.147 | +2.179 | +2.212 | +2.244 | +2.277 | +2.310 | +2.342 | +2.375 | +2.407 | +2.440 | +2.473 | +2.505 | +2.538 | +2.570 | +2.603 | +2.636 | +2.668 | +2.701 | +2.733 | +2.766 | +2.799 | +2.831 | +2.864 | +2.896 | +2.929 | +2.962 | +2.994 | +3.027 | +3.059 | +3.092 | +3.125 | +3.157 | +3.190 | +3.222 | +3.255 | +3.288 | +3.320 | +3.353 | +3.385 | +3.418 | +3.451 | +3.483 | +3.516 | +3.548 | +3.581 | +3.614 | +3.646 | +3.679 | +3.711 | +3.744 | +3.777 | +3.809 | +3.842 | +3.874 | +3.907 | +3.940 | +3.972 | +4.005 | +4.037 | +4.070 | +4.103 | +4.135 | +4.168 | +4.200 | +4.233 | +4.266 | +4.298 | +4.331 | +4.363 | +4.396 | +4.429 | +4.461 | +4.494 | +4.526 | +4.559 | +4.592 | +4.624 | +4.657 | +4.689 | +4.722 | 
		**<<Return >fill_line<
		**>>Enter >add_noise< | noise: +0.100
			noise: +1.538 | +1.566 | +1.522 | +1.592 | +1.629 | +1.627 | +1.683 | +1.677 | +1.720 | +1.811 | +1.828 | +1.902 | +1.860 | +1.919 | +1.955 | +2.022 | +1.973 | +2.063 | +2.119 | +2.149 | +2.160 | +2.174 | +2.179 | +2.202 | +2.320 | +2.351 | +2.308 | +2.402 | +2.412 | +2.480 | +2.497 | +2.469 | +2.545 | +2.586 | +2.571 | +2.594 | +2.716 | +2.727 | +2.757 | +2.735 | +2.778 | +2.807 | +2.816 | +2.934 | +2.961 | +3.011 | +2.999 | +2.982 | +3.038 | +3.139 | +3.103 | +3.132 | +3.146 | +3.248 | +3.219 | +3.298 | +3.349 | +3.365 | +3.435 | +3.432 | +3.478 | +3.500 | +3.484 | +3.515 | +3.608 | +3.606 | +3.608 | +3.662 | +3.722 | +3.717 | +3.816 | +3.767 | +3.821 | +3.920 | +3.923 | +3.897 | +4.019 | +3.985 | +4.033 | +4.057 | +4.100 | +4.108 | +4.162 | +4.232 | +4.261 | +4.294 | +4.259 | +4.337 | +4.323 | +4.437 | +4.426 | +4.468 | +4.535 | +4.514 | +4.591 | +4.600 | +4.656 | +4.669 | +4.735 | +4.710 | 
		**<<Return >add_noise<
		Compute optimal gains and biases via linear regression
		**>>Enter >linear_regression<
			**>>Enter >calc_line_stats<
				x_avg: -2.815 | x2_avg: +8.544
			**<<Return >calc_line_stats<
			**>>Enter >calc_line_stats<
				x_avg: +3.111 | x2_avg: +10.566
			**<<Return >calc_line_stats<
			**>>Enter >calc_cross_line_stats<
				xy_avg: -8.014
			**<<Return >calc_cross_line_stats<
			gain: +1.194 | bias: +6.472
		**<<Return >linear_regression<
		**>>Enter >linear_regression<
			**>>Enter >calc_line_stats<
				x_avg: -0.690 | x2_avg: +1.425
			**<<Return >calc_line_stats<
			**>>Enter >calc_line_stats<
				x_avg: +3.111 | x2_avg: +10.566
			**<<Return >calc_line_stats<
			**>>Enter >calc_cross_line_stats<
				xy_avg: -3.064
			**<<Return >calc_cross_line_stats<
			gain: -0.967 | bias: +2.444
		**<<Return >linear_regression<
		**>>Enter >linear_regression<
			**>>Enter >calc_line_stats<
				x_avg: +3.465 | x2_avg: +12.863
			**<<Return >calc_line_stats<
			**>>Enter >calc_line_stats<
				x_avg: +3.111 | x2_avg: +10.566
			**<<Return >calc_line_stats<
			**>>Enter >calc_cross_line_stats<
				xy_avg: +9.908
			**<<Return >calc_cross_line_stats<
			gain: -1.018 | bias: +6.639
		**<<Return >linear_regression<
		Compute correlation share
		**>>Enter >calc_correlation_share<
			Allocated vector: 00720DE8
			Allocated vector: 00720E08
			Allocated vector: 00720E28
			Allocated vector: 00720E48
			Allocated vector: 00720E68
			Allocated vector: 00720E88
			**>>Enter >calc_line_stats<
				x_avg: -2.815 | x2_avg: +8.544
			**<<Return >calc_line_stats<
			**>>Enter >calc_cross_line_stats<
				xy_avg: -8.014
			**<<Return >calc_cross_line_stats<
			**>>Enter >calc_line_stats<
				x_avg: -0.690 | x2_avg: +1.425
			**<<Return >calc_line_stats<
			**>>Enter >calc_cross_line_stats<
				xy_avg: -3.064
			**<<Return >calc_cross_line_stats<
			**>>Enter >calc_line_stats<
				x_avg: +3.465 | x2_avg: +12.863
			**<<Return >calc_line_stats<
			**>>Enter >calc_cross_line_stats<
				xy_avg: +9.908
			**<<Return >calc_cross_line_stats<
			**>>Enter >calc_line_stats<
				x_avg: +3.111 | x2_avg: +10.566
			**<<Return >calc_line_stats<
			partial correlation share 0: 4.010e-002
			partial correlation share 1: 4.024e-002
			partial correlation share 2: 4.024e-002
			correlation share 0: +0.333
			correlation share 1: +0.334
			correlation share 2: +0.334
			Freed vector: 00720DE8
			Freed vector: 00720E08
			Freed vector: 00720E28
			Freed vector: 00720E48
			Freed vector: 00720E68
			Freed vector: 00720E88
		**<<Return >calc_correlation_share<
		Compute naive linear regression neuron parameters and its error
		**>>Enter >execute_neuron<
			gain 0: +0.398
			gain 1: -0.322
			gain 2: -0.339
			bias: +5.185
			output: +1.523 | +1.534 | +1.560 | +1.598 | +1.631 | +1.618 | +1.692 | +1.723 | +1.740 | +1.798 | +1.823 | +1.847 | +1.889 | +1.923 | +1.963 | +1.975 | +2.005 | +2.080 | +2.073 | +2.109 | +2.145 | +2.136 | +2.236 | +2.259 | +2.315 | +2.340 | +2.324 | +2.396 | +2.440 | +2.454 | +2.489 | +2.491 | +2.569 | +2.574 | +2.582 | +2.657 | +2.656 | +2.708 | +2.717 | +2.749 | +2.823 | +2.815 | +2.832 | +2.896 | +2.919 | +2.951 | +2.995 | +3.062 | +3.056 | +3.095 | +3.121 | +3.156 | +3.172 | +3.210 | +3.242 | +3.271 | +3.346 | +3.371 | +3.387 | +3.399 | +3.456 | +3.483 | +3.550 | +3.562 | +3.565 | +3.601 | +3.656 | +3.695 | +3.701 | +3.761 | +3.789 | +3.813 | +3.859 | +3.861 | +3.915 | +3.959 | +3.963 | +4.043 | +4.006 | +4.105 | +4.144 | +4.128 | +4.174 | +4.176 | +4.220 | +4.271 | +4.310 | +4.346 | +4.349 | +4.370 | +4.426 | +4.475 | +4.465 | +4.553 | +4.567 | +4.602 | +4.616 | +4.656 | +4.710 | +4.725 | 			
		**<<Return >execute_neuron<
		**>>Enter >calc_error<
			err: | 0.000 | 0.001 | 0.001 | 0.000 | 0.000 | 0.000 | 0.000 | 0.002 | 0.000 | 0.000 | 0.000 | 0.003 | 0.001 | 0.000 | 0.000 | 0.002 | 0.001 | 0.000 | 0.002 | 0.002 | 0.000 | 0.001 | 0.003 | 0.003 | 0.000 | 0.000 | 0.000 | 0.000 | 0.001 | 0.001 | 0.000 | 0.000 | 0.001 | 0.000 | 0.000 | 0.004 | 0.004 | 0.000 | 0.002 | 0.000 | 0.002 | 0.000 | 0.000 | 0.001 | 0.002 | 0.004 | 0.000 | 0.006 | 0.000 | 0.002 | 0.000 | 0.001 | 0.001 | 0.001 | 0.001 | 0.001 | 0.000 | 0.000 | 0.002 | 0.001 | 0.000 | 0.000 | 0.004 | 0.002 | 0.002 | 0.000 | 0.002 | 0.001 | 0.000 | 0.002 | 0.001 | 0.002 | 0.001 | 0.004 | 0.000 | 0.004 | 0.003 | 0.003 | 0.001 | 0.002 | 0.002 | 0.000 | 0.000 | 0.003 | 0.002 | 0.001 | 0.003 | 0.000 | 0.001 | 0.004 | 0.000 | 0.000 | 0.005 | 0.002 | 0.001 | 0.000 | 0.002 | 0.000 | 0.001 | 0.000 | 
			err: 35.36 m
		**<<Return >calc_error<
		Compute correlation share powered linear regression neuron parameters and its error
		**>>Enter >execute_neuron<
			gain 0: +0.397
			gain 1: -0.323
			gain 2: -0.340
			bias: +5.183
			output: +1.523 | +1.534 | +1.560 | +1.598 | +1.631 | +1.618 | +1.692 | +1.723 | +1.740 | +1.798 | +1.823 | +1.847 | +1.889 | +1.923 | +1.963 | +1.975 | +2.005 | +2.080 | +2.073 | +2.109 | +2.145 | +2.136 | +2.236 | +2.259 | +2.315 | +2.340 | +2.324 | +2.396 | +2.440 | +2.454 | +2.489 | +2.491 | +2.569 | +2.574 | +2.582 | +2.656 | +2.656 | +2.708 | +2.717 | +2.749 | +2.823 | +2.815 | +2.832 | +2.896 | +2.919 | +2.951 | +2.995 | +3.062 | +3.056 | +3.095 | +3.122 | +3.156 | +3.172 | +3.210 | +3.242 | +3.271 | +3.346 | +3.371 | +3.387 | +3.399 | +3.456 | +3.483 | +3.550 | +3.563 | +3.565 | +3.601 | +3.656 | +3.695 | +3.701 | +3.761 | +3.789 | +3.813 | +3.859 | +3.861 | +3.915 | +3.959 | +3.963 | +4.043 | +4.006 | +4.105 | +4.144 | +4.128 | +4.174 | +4.176 | +4.220 | +4.271 | +4.310 | +4.346 | +4.349 | +4.371 | +4.426 | +4.475 | +4.465 | +4.553 | +4.567 | +4.602 | +4.616 | +4.656 | +4.710 | +4.725 | 			
		**<<Return >execute_neuron<
		**>>Enter >calc_error<
			err: | 0.000 | 0.001 | 0.001 | 0.000 | 0.000 | 0.000 | 0.000 | 0.002 | 0.000 | 0.000 | 0.000 | 0.003 | 0.001 | 0.000 | 0.000 | 0.002 | 0.001 | 0.000 | 0.002 | 0.002 | 0.000 | 0.001 | 0.003 | 0.003 | 0.000 | 0.000 | 0.000 | 0.000 | 0.001 | 0.001 | 0.000 | 0.000 | 0.001 | 0.000 | 0.000 | 0.004 | 0.004 | 0.000 | 0.002 | 0.000 | 0.002 | 0.000 | 0.000 | 0.001 | 0.002 | 0.004 | 0.000 | 0.006 | 0.000 | 0.002 | 0.000 | 0.001 | 0.001 | 0.001 | 0.001 | 0.001 | 0.000 | 0.000 | 0.002 | 0.001 | 0.000 | 0.000 | 0.004 | 0.002 | 0.002 | 0.000 | 0.002 | 0.001 | 0.000 | 0.002 | 0.001 | 0.002 | 0.001 | 0.004 | 0.000 | 0.004 | 0.003 | 0.003 | 0.001 | 0.002 | 0.002 | 0.000 | 0.000 | 0.003 | 0.002 | 0.001 | 0.003 | 0.000 | 0.001 | 0.004 | 0.000 | 0.000 | 0.005 | 0.002 | 0.001 | 0.000 | 0.002 | 0.000 | 0.001 | 0.000 | 
			err: 35.36 m
		**<<Return >calc_error<
	**<<Return >execute_trial<
	**>>Enter >execute_trial<
		Generate input and output vectors
		**>>Enter >fill_line< | xs: -1.000, xe: +1.000, g: +1.232, b: -4.597
			line: -5.830 | -5.805 | -5.780 | -5.755 | -5.730 | -5.705 | -5.680 | -5.656 | -5.631 | -5.606 | -5.581 | -5.556 | -5.531 | -5.506 | -5.481 | -5.456 | -5.432 | -5.407 | -5.382 | -5.357 | -5.332 | -5.307 | -5.282 | -5.257 | -5.232 | -5.207 | -5.183 | -5.158 | -5.133 | -5.108 | -5.083 | -5.058 | -5.033 | -5.008 | -4.983 | -4.958 | -4.934 | -4.909 | -4.884 | -4.859 | -4.834 | -4.809 | -4.784 | -4.759 | -4.734 | -4.709 | -4.685 | -4.660 | -4.635 | -4.610 | -4.585 | -4.560 | -4.535 | -4.510 | -4.485 | -4.461 | -4.436 | -4.411 | -4.386 | -4.361 | -4.336 | -4.311 | -4.286 | -4.261 | -4.236 | -4.212 | -4.187 | -4.162 | -4.137 | -4.112 | -4.087 | -4.062 | -4.037 | -4.012 | -3.987 | -3.963 | -3.938 | -3.913 | -3.888 | -3.863 | -3.838 | -3.813 | -3.788 | -3.763 | -3.739 | -3.714 | -3.689 | -3.664 | -3.639 | -3.614 | -3.589 | -3.564 | -3.539 | -3.514 | -3.490 | -3.465 | -3.440 | -3.415 | -3.390 | -3.365 | 
		**<<Return >fill_line<
		**>>Enter >add_noise< | noise: +10.000
			noise: -8.630 | -9.762 | -5.546 | -7.431 | -7.146 | -6.042 | -6.167 | -5.955 | -7.704 | -7.729 | -9.411 | -9.771 | -3.841 | -5.494 | -4.415 | -3.026 | -3.446 | -9.690 | -3.055 | -6.256 | -1.410 | -1.145 | -1.344 | -0.949 | -9.688 | -9.734 | -7.447 | -4.249 | -6.944 | -4.187 | -6.004 | -4.728 | -4.973 | -1.570 | -3.455 | -5.175 | -4.098 | -9.861 | -4.039 | -3.331 | -4.702 | -2.079 | -1.175 | -6.512 | -7.119 | -5.388 | -3.896 | -1.055 | -7.034 | -3.620 | -3.026 | -2.532 | -8.616 | -6.653 | -6.795 | -7.649 | -2.535 | -5.083 | -0.577 | -3.797 | -1.085 | -3.629 | -0.430 | -7.172 | -7.574 | -1.696 | -5.140 | -5.399 | -2.181 | -4.560 | -6.438 | -5.620 | -1.473 | -3.577 | -2.100 | -3.952 | -3.744 | -8.890 | -1.601 | -7.285 | -7.406 | -3.040 | +0.993 | -3.333 | -4.570 | +1.057 | -2.817 | +0.121 | -7.047 | -0.651 | -7.408 | +0.824 | -6.933 | -0.352 | -5.803 | -8.397 | +1.032 | -0.031 | +1.570 | -2.115 | 
		**<<Return >add_noise<
		**>>Enter >fill_line< | xs: -1.000, xe: +1.000, g: -1.449, b: -0.569
			line: +0.880 | +0.851 | +0.822 | +0.792 | +0.763 | +0.734 | +0.704 | +0.675 | +0.646 | +0.617 | +0.587 | +0.558 | +0.529 | +0.499 | +0.470 | +0.441 | +0.412 | +0.382 | +0.353 | +0.324 | +0.295 | +0.265 | +0.236 | +0.207 | +0.177 | +0.148 | +0.119 | +0.090 | +0.060 | +0.031 | +0.002 | -0.028 | -0.057 | -0.086 | -0.115 | -0.145 | -0.174 | -0.203 | -0.233 | -0.262 | -0.291 | -0.320 | -0.350 | -0.379 | -0.408 | -0.438 | -0.467 | -0.496 | -0.525 | -0.555 | -0.584 | -0.613 | -0.643 | -0.672 | -0.701 | -0.730 | -0.760 | -0.789 | -0.818 | -0.848 | -0.877 | -0.906 | -0.935 | -0.965 | -0.994 | -1.023 | -1.052 | -1.082 | -1.111 | -1.140 | -1.170 | -1.199 | -1.228 | -1.257 | -1.287 | -1.316 | -1.345 | -1.375 | -1.404 | -1.433 | -1.462 | -1.492 | -1.521 | -1.550 | -1.580 | -1.609 | -1.638 | -1.667 | -1.697 | -1.726 | -1.755 | -1.785 | -1.814 | -1.843 | -1.872 | -1.902 | -1.931 | -1.960 | -1.990 | -2.019 | 
		**<<Return >fill_line<
		**>>Enter >add_noise< | noise: +1.000
			noise: +0.528 | +1.058 | +0.394 | +0.346 | +1.008 | +0.914 | +0.811 | +1.014 | +1.143 | +0.914 | +0.638 | +0.460 | +0.326 | +0.408 | +0.714 | -0.014 | +0.685 | +0.403 | +0.360 | +0.121 | +0.682 | -0.125 | +0.056 | +0.692 | +0.511 | -0.290 | +0.248 | +0.549 | -0.438 | +0.428 | -0.198 | +0.327 | -0.257 | +0.347 | +0.130 | +0.176 | -0.065 | -0.657 | -0.456 | -0.160 | -0.635 | -0.138 | -0.155 | +0.012 | -0.830 | -0.663 | -0.311 | -0.641 | -0.051 | -0.326 | -0.242 | -0.870 | -0.434 | -1.045 | -0.726 | -0.255 | -1.002 | -0.977 | -1.121 | -0.718 | -0.489 | -0.906 | -0.589 | -0.738 | -1.077 | -0.939 | -1.378 | -1.365 | -0.728 | -1.355 | -1.652 | -1.616 | -1.364 | -0.950 | -0.817 | -1.362 | -1.597 | -1.734 | -1.833 | -1.283 | -1.224 | -1.298 | -1.456 | -1.997 | -1.221 | -1.727 | -1.905 | -1.950 | -1.442 | -1.370 | -1.899 | -2.172 | -1.743 | -2.340 | -1.552 | -1.468 | -1.759 | -2.067 | -2.080 | -2.173 | 
		**<<Return >add_noise<
		**>>Enter >fill_line< | xs: -1.000, xe: +1.000, g: +0.472, b: +4.192
			line: +3.720 | +3.729 | +3.739 | +3.748 | +3.758 | +3.767 | +3.777 | +3.786 | +3.796 | +3.805 | +3.815 | +3.824 | +3.834 | +3.844 | +3.853 | +3.863 | +3.872 | +3.882 | +3.891 | +3.901 | +3.910 | +3.920 | +3.929 | +3.939 | +3.949 | +3.958 | +3.968 | +3.977 | +3.987 | +3.996 | +4.006 | +4.015 | +4.025 | +4.034 | +4.044 | +4.054 | +4.063 | +4.073 | +4.082 | +4.092 | +4.101 | +4.111 | +4.120 | +4.130 | +4.139 | +4.149 | +4.158 | +4.168 | +4.178 | +4.187 | +4.197 | +4.206 | +4.216 | +4.225 | +4.235 | +4.244 | +4.254 | +4.263 | +4.273 | +4.283 | +4.292 | +4.302 | +4.311 | +4.321 | +4.330 | +4.340 | +4.349 | +4.359 | +4.368 | +4.378 | +4.387 | +4.397 | +4.407 | +4.416 | +4.426 | +4.435 | +4.445 | +4.454 | +4.464 | +4.473 | +4.483 | +4.492 | +4.502 | +4.512 | +4.521 | +4.531 | +4.540 | +4.550 | +4.559 | +4.569 | +4.578 | +4.588 | +4.597 | +4.607 | +4.617 | +4.626 | +4.636 | +4.645 | +4.655 | +4.664 | 
		**<<Return >fill_line<
		**>>Enter >add_noise< | noise: +0.100
			noise: +3.720 | +3.761 | +3.769 | +3.759 | +3.797 | +3.777 | +3.760 | +3.781 | +3.843 | +3.831 | +3.765 | +3.788 | +3.853 | +3.872 | +3.883 | +3.872 | +3.921 | +3.851 | +3.931 | +3.856 | +3.915 | +3.896 | +3.944 | +3.893 | +3.941 | +3.962 | +3.924 | +3.947 | +3.951 | +3.984 | +4.021 | +4.049 | +4.058 | +4.071 | +4.021 | +4.057 | +4.106 | +4.100 | +4.124 | +4.119 | +4.135 | +4.124 | +4.082 | +4.086 | +4.126 | +4.166 | +4.192 | +4.145 | +4.141 | +4.202 | +4.189 | +4.242 | +4.244 | +4.213 | +4.262 | +4.250 | +4.226 | +4.217 | +4.231 | +4.260 | +4.324 | +4.335 | +4.289 | +4.358 | +4.342 | +4.329 | +4.369 | +4.334 | +4.373 | +4.359 | +4.436 | +4.432 | +4.437 | +4.376 | +4.451 | +4.453 | +4.414 | +4.432 | +4.425 | +4.425 | +4.510 | +4.506 | +4.494 | +4.464 | +4.519 | +4.515 | +4.548 | +4.536 | +4.524 | +4.536 | +4.530 | +4.634 | +4.605 | +4.590 | +4.645 | +4.588 | +4.586 | +4.614 | +4.608 | +4.632 | 
		**<<Return >add_noise<
		**>>Enter >fill_line< | xs: +0.000, xe: +1.000, g: +8.435, b: -0.223
			line: -0.223 | -0.138 | -0.053 | +0.033 | +0.118 | +0.203 | +0.288 | +0.374 | +0.459 | +0.544 | +0.629 | +0.714 | +0.800 | +0.885 | +0.970 | +1.055 | +1.140 | +1.226 | +1.311 | +1.396 | +1.481 | +1.566 | +1.652 | +1.737 | +1.822 | +1.907 | +1.992 | +2.078 | +2.163 | +2.248 | +2.333 | +2.418 | +2.504 | +2.589 | +2.674 | +2.759 | +2.845 | +2.930 | +3.015 | +3.100 | +3.185 | +3.271 | +3.356 | +3.441 | +3.526 | +3.611 | +3.697 | +3.782 | +3.867 | +3.952 | +4.037 | +4.123 | +4.208 | +4.293 | +4.378 | +4.463 | +4.549 | +4.634 | +4.719 | +4.804 | +4.889 | +4.975 | +5.060 | +5.145 | +5.230 | +5.316 | +5.401 | +5.486 | +5.571 | +5.656 | +5.742 | +5.827 | +5.912 | +5.997 | +6.082 | +6.168 | +6.253 | +6.338 | +6.423 | +6.508 | +6.594 | +6.679 | +6.764 | +6.849 | +6.934 | +7.020 | +7.105 | +7.190 | +7.275 | +7.360 | +7.446 | +7.531 | +7.616 | +7.701 | +7.787 | +7.872 | +7.957 | +8.042 | +8.127 | +8.213 | 
		**<<Return >fill_line<
		**>>Enter >add_noise< | noise: +0.100
			noise: -0.198 | -0.139 | -0.006 | +0.046 | +0.095 | +0.176 | +0.327 | +0.354 | +0.462 | +0.577 | +0.600 | +0.692 | +0.825 | +0.916 | +0.938 | +1.005 | +1.150 | +1.233 | +1.269 | +1.413 | +1.511 | +1.561 | +1.670 | +1.693 | +1.795 | +1.931 | +2.028 | +2.111 | +2.171 | +2.277 | +2.371 | +2.444 | +2.497 | +2.626 | +2.670 | +2.769 | +2.798 | +2.969 | +2.980 | +3.078 | +3.197 | +3.302 | +3.396 | +3.397 | +3.511 | +3.623 | +3.708 | +3.757 | +3.915 | +3.977 | +4.031 | +4.096 | +4.174 | +4.254 | +4.384 | +4.456 | +4.546 | +4.603 | +4.702 | +4.830 | +4.871 | +4.979 | +5.058 | +5.143 | +5.220 | +5.293 | +5.372 | +5.513 | +5.550 | +5.682 | +5.776 | +5.871 | +5.923 | +5.950 | +6.041 | +6.207 | +6.227 | +6.315 | +6.404 | +6.485 | +6.583 | +6.714 | +6.812 | +6.834 | +6.949 | +6.991 | +7.130 | +7.233 | +7.317 | +7.322 | +7.414 | +7.500 | +7.623 | +7.705 | +7.813 | +7.907 | +7.943 | +8.075 | +8.088 | +8.233 | 
		**<<Return >add_noise<
		Compute optimal gains and biases via linear regression
		**>>Enter >linear_regression<
			**>>Enter >calc_line_stats<
				x_avg: -4.525 | x2_avg: +28.982
			**<<Return >calc_line_stats<
			**>>Enter >calc_line_stats<
				x_avg: +3.996 | x2_avg: +22.014
			**<<Return >calc_line_stats<
			**>>Enter >calc_cross_line_stats<
				xy_avg: -15.272
			**<<Return >calc_cross_line_stats<
			gain: +0.331 | bias: +5.493
		**<<Return >linear_regression<
		**>>Enter >linear_regression<
			**>>Enter >calc_line_stats<
				x_avg: -0.560 | x2_avg: +1.155
			**<<Return >calc_line_stats<
			**>>Enter >calc_line_stats<
				x_avg: +3.996 | x2_avg: +22.014
			**<<Return >calc_line_stats<
			**>>Enter >calc_cross_line_stats<
				xy_avg: -4.371
			**<<Return >calc_cross_line_stats<
			gain: -2.534 | bias: +2.577
		**<<Return >linear_regression<
		**>>Enter >linear_regression<
			**>>Enter >calc_line_stats<
				x_avg: +4.191 | x2_avg: +17.636
			**<<Return >calc_line_stats<
			**>>Enter >calc_line_stats<
				x_avg: +3.996 | x2_avg: +22.014
			**<<Return >calc_line_stats<
			**>>Enter >calc_cross_line_stats<
				xy_avg: +17.406
			**<<Return >calc_cross_line_stats<
			gain: +9.070 | bias: -34.016
		**<<Return >linear_regression<
		Compute correlation share
		**>>Enter >calc_correlation_share<
			Allocated vector: 00720DE8
			Allocated vector: 00720E08
			Allocated vector: 00720E28
			Allocated vector: 00720E48
			Allocated vector: 00720E68
			Allocated vector: 00720E88
			**>>Enter >calc_line_stats<
				x_avg: -4.525 | x2_avg: +28.982
			**<<Return >calc_line_stats<
			**>>Enter >calc_cross_line_stats<
				xy_avg: -15.272
			**<<Return >calc_cross_line_stats<
			**>>Enter >calc_line_stats<
				x_avg: -0.560 | x2_avg: +1.155
			**<<Return >calc_line_stats<
			**>>Enter >calc_cross_line_stats<
				xy_avg: -4.371
			**<<Return >calc_cross_line_stats<
			**>>Enter >calc_line_stats<
				x_avg: +4.191 | x2_avg: +17.636
			**<<Return >calc_line_stats<
			**>>Enter >calc_cross_line_stats<
				xy_avg: +17.406
			**<<Return >calc_cross_line_stats<
			**>>Enter >calc_line_stats<
				x_avg: +3.996 | x2_avg: +22.014
			**<<Return >calc_line_stats<
			partial correlation share 0: 5.453e-002
			partial correlation share 1: 6.212e+001
			partial correlation share 2: 9.293e+001
			correlation share 0: +0.000
			correlation share 1: +0.401
			correlation share 2: +0.599
			Freed vector: 00720DE8
			Freed vector: 00720E08
			Freed vector: 00720E28
			Freed vector: 00720E48
			Freed vector: 00720E68
			Freed vector: 00720E88
		**<<Return >calc_correlation_share<
		Compute naive linear regression neuron parameters and its error
		**>>Enter >execute_neuron<
			gain 0: +0.110
			gain 1: -0.845
			gain 2: +3.023
			bias: -8.649
			output: +1.202 | +0.753 | +1.802 | +1.605 | +1.192 | +1.333 | +1.356 | +1.271 | +1.157 | +1.309 | +1.159 | +1.339 | +2.302 | +2.109 | +2.002 | +2.737 | +2.246 | +1.585 | +2.595 | +2.218 | +2.457 | +3.110 | +3.081 | +2.431 | +1.766 | +2.502 | +2.185 | +2.353 | +2.902 | +2.574 | +3.015 | +2.797 | +3.290 | +3.193 | +3.017 | +2.898 | +3.367 | +3.213 | +3.759 | +3.574 | +3.870 | +3.707 | +3.695 | +2.976 | +3.741 | +3.913 | +3.858 | +4.309 | +3.139 | +3.932 | +3.886 | +4.631 | +3.598 | +4.239 | +4.100 | +3.573 | +4.694 | +4.365 | +5.026 | +4.420 | +4.717 | +4.822 | +4.768 | +4.359 | +4.553 | +5.047 | +5.158 | +5.012 | +4.947 | +5.171 | +5.448 | +5.497 | +5.756 | +4.989 | +5.268 | +5.530 | +5.634 | +5.236 | +6.100 | +5.009 | +5.204 | +5.736 | +6.279 | +6.167 | +5.541 | +6.578 | +6.400 | +6.725 | +5.470 | +6.152 | +5.834 | +7.286 | +5.983 | +7.167 | +6.066 | +5.538 | +6.817 | +7.044 | +7.213 | +6.956 | 			
		**<<Return >execute_neuron<
		**>>Enter >calc_error<
			err: | 1.961 | 0.795 | 3.268 | 2.432 | 1.202 | 1.338 | 1.059 | 0.840 | 0.483 | 0.536 | 0.312 | 0.418 | 2.182 | 1.425 | 1.132 | 2.999 | 1.202 | 0.124 | 1.759 | 0.648 | 0.896 | 2.398 | 1.992 | 0.545 | 0.001 | 0.326 | 0.024 | 0.059 | 0.534 | 0.088 | 0.415 | 0.125 | 0.630 | 0.322 | 0.121 | 0.017 | 0.324 | 0.059 | 0.607 | 0.246 | 0.453 | 0.164 | 0.090 | 0.177 | 0.053 | 0.084 | 0.023 | 0.305 | 0.602 | 0.002 | 0.021 | 0.286 | 0.331 | 0.000 | 0.080 | 0.779 | 0.022 | 0.057 | 0.105 | 0.168 | 0.024 | 0.024 | 0.084 | 0.615 | 0.445 | 0.060 | 0.046 | 0.251 | 0.363 | 0.261 | 0.108 | 0.141 | 0.028 | 0.923 | 0.598 | 0.457 | 0.352 | 1.164 | 0.092 | 2.176 | 1.901 | 0.957 | 0.284 | 0.444 | 1.981 | 0.171 | 0.532 | 0.258 | 3.412 | 1.368 | 2.497 | 0.046 | 2.691 | 0.289 | 3.053 | 5.611 | 1.266 | 1.064 | 0.766 | 1.629 | 
			err: 883.6 m
		**<<Return >calc_error<
		Compute correlation share powered linear regression neuron parameters and its error
		**>>Enter >execute_neuron<
			gain 0: +0.000
			gain 1: -1.015
			gain 2: +5.434
			bias: -19.346
			output: +0.335 | +0.018 | +0.735 | +0.730 | +0.264 | +0.251 | +0.265 | +0.173 | +0.379 | +0.542 | +0.466 | +0.772 | +1.262 | +1.284 | +1.031 | +1.711 | +1.264 | +1.169 | +1.649 | +1.486 | +1.239 | +1.953 | +2.032 | +1.104 | +1.550 | +2.479 | +1.726 | +1.546 | +2.569 | +1.869 | +2.708 | +2.328 | +2.969 | +2.423 | +2.372 | +2.522 | +3.031 | +3.597 | +3.525 | +3.201 | +3.766 | +3.205 | +2.996 | +2.844 | +3.916 | +3.966 | +3.749 | +3.831 | +3.209 | +3.819 | +3.661 | +4.587 | +4.155 | +4.610 | +4.550 | +4.007 | +4.635 | +4.559 | +4.783 | +4.535 | +4.646 | +5.129 | +4.557 | +5.082 | +5.340 | +5.134 | +5.794 | +5.590 | +5.157 | +5.715 | +6.434 | +6.378 | +6.150 | +5.397 | +5.672 | +6.237 | +6.263 | +6.498 | +6.558 | +6.000 | +6.404 | +6.458 | +6.556 | +6.939 | +6.449 | +6.944 | +7.302 | +7.282 | +6.701 | +6.696 | +7.196 | +8.039 | +7.449 | +7.974 | +7.471 | +7.078 | +7.363 | +7.826 | +7.806 | +8.028 | 			
		**<<Return >execute_neuron<
		**>>Enter >calc_error<
			err: | 0.284 | 0.025 | 0.549 | 0.468 | 0.028 | 0.006 | 0.004 | 0.033 | 0.007 | 0.001 | 0.018 | 0.006 | 0.191 | 0.135 | 0.009 | 0.498 | 0.013 | 0.004 | 0.145 | 0.005 | 0.074 | 0.153 | 0.131 | 0.346 | 0.060 | 0.300 | 0.092 | 0.319 | 0.158 | 0.166 | 0.113 | 0.014 | 0.223 | 0.041 | 0.089 | 0.061 | 0.054 | 0.394 | 0.298 | 0.015 | 0.325 | 0.009 | 0.160 | 0.306 | 0.164 | 0.118 | 0.002 | 0.006 | 0.498 | 0.025 | 0.137 | 0.241 | 0.000 | 0.127 | 0.028 | 0.201 | 0.008 | 0.002 | 0.007 | 0.087 | 0.050 | 0.023 | 0.251 | 0.004 | 0.014 | 0.025 | 0.179 | 0.006 | 0.154 | 0.001 | 0.434 | 0.257 | 0.052 | 0.306 | 0.136 | 0.001 | 0.001 | 0.034 | 0.024 | 0.235 | 0.032 | 0.066 | 0.066 | 0.011 | 0.249 | 0.002 | 0.030 | 0.002 | 0.380 | 0.391 | 0.047 | 0.291 | 0.031 | 0.072 | 0.117 | 0.688 | 0.336 | 0.062 | 0.079 | 0.042 | 
			err: 362.8 m
		**<<Return >calc_error<
	**<<Return >execute_trial<

Debug has Ended!
